0 info it worked if it ends with ok
1 verbose cli [ 'node',
1 verbose cli   '/usr/local/lib/node_modules/cnpm/node_modules/.bin/npm',
1 verbose cli   '--userconfig=/Users/noahli/.cnpmrc',
1 verbose cli   '--disturl=https://npm.taobao.org/mirrors/node',
1 verbose cli   '--cache=/Users/noahli/.cnpm',
1 verbose cli   '--registry=https://registry.npm.taobao.org',
1 verbose cli   '--node-gyp=/usr/local/lib/node_modules/cnpm/node_modules/pangyp/bin/node-gyp.js',
1 verbose cli   'install',
1 verbose cli   '-g',
1 verbose cli   'ionic',
1 verbose cli   'to',
1 verbose cli   'update' ]
2 info using npm@2.7.6
3 info using node@v0.12.2
4 verbose install initial load of /usr/local/lib/package.json
5 verbose readDependencies loading dependencies from /usr/local/lib/package.json
6 silly cache add args [ 'ionic', null ]
7 verbose cache add spec ionic
8 silly cache add args [ 'to', null ]
9 verbose cache add spec to
10 silly cache add args [ 'update', null ]
11 verbose cache add spec update
12 silly cache add parsed spec { raw: 'ionic',
12 silly cache add   scope: null,
12 silly cache add   name: 'ionic',
12 silly cache add   rawSpec: '',
12 silly cache add   spec: '*',
12 silly cache add   type: 'range' }
13 silly addNamed ionic@*
14 verbose addNamed "*" is a valid semver range for ionic
15 silly addNameRange { name: 'ionic', range: '*', hasData: false }
16 silly mapToRegistry name ionic
17 silly mapToRegistry using default registry
18 silly mapToRegistry registry https://registry.npm.taobao.org/
19 silly mapToRegistry uri https://registry.npm.taobao.org/ionic
20 verbose addNameRange registry:https://registry.npm.taobao.org/ionic not in flight; fetching
21 silly cache add parsed spec { raw: 'to',
21 silly cache add   scope: null,
21 silly cache add   name: 'to',
21 silly cache add   rawSpec: '',
21 silly cache add   spec: '*',
21 silly cache add   type: 'range' }
22 silly addNamed to@*
23 verbose addNamed "*" is a valid semver range for to
24 silly addNameRange { name: 'to', range: '*', hasData: false }
25 silly mapToRegistry name to
26 silly mapToRegistry using default registry
27 silly mapToRegistry registry https://registry.npm.taobao.org/
28 silly mapToRegistry uri https://registry.npm.taobao.org/to
29 verbose addNameRange registry:https://registry.npm.taobao.org/to not in flight; fetching
30 silly cache add parsed spec { raw: 'update',
30 silly cache add   scope: null,
30 silly cache add   name: 'update',
30 silly cache add   rawSpec: '',
30 silly cache add   spec: '*',
30 silly cache add   type: 'range' }
31 silly addNamed update@*
32 verbose addNamed "*" is a valid semver range for update
33 silly addNameRange { name: 'update', range: '*', hasData: false }
34 silly mapToRegistry name update
35 silly mapToRegistry using default registry
36 silly mapToRegistry registry https://registry.npm.taobao.org/
37 silly mapToRegistry uri https://registry.npm.taobao.org/update
38 verbose addNameRange registry:https://registry.npm.taobao.org/update not in flight; fetching
39 verbose request uri https://registry.npm.taobao.org/to
40 verbose request no auth needed
41 info attempt registry request try #1 at 22:21:26
42 verbose request id 7c5a5cc9475c041b
43 verbose etag "1397764308000"
44 http request GET https://registry.npm.taobao.org/to
45 verbose request uri https://registry.npm.taobao.org/ionic
46 verbose request no auth needed
47 info attempt registry request try #1 at 22:21:26
48 verbose etag "1438290991000"
49 http request GET https://registry.npm.taobao.org/ionic
50 verbose request uri https://registry.npm.taobao.org/update
51 verbose request no auth needed
52 info attempt registry request try #1 at 22:21:26
53 verbose etag "1425079723000"
54 http request GET https://registry.npm.taobao.org/update
55 http 200 https://registry.npm.taobao.org/update
56 silly get cb [ 200,
56 silly get   { server: 'nginx/1.1.19',
56 silly get     date: 'Thu, 01 Oct 2015 14:21:24 GMT',
56 silly get     'content-type': 'application/json; charset=utf-8',
56 silly get     'transfer-encoding': 'chunked',
56 silly get     connection: 'keep-alive',
56 silly get     etag: '"49ed-iZk9Ru4Yo42fU8bVqzuTUg"',
56 silly get     'x-readtime': '20',
56 silly get     'content-encoding': 'gzip' } ]
57 verbose get saving update to /Users/noahli/.cnpm/registry.npm.taobao.org/update/.cache.json
58 http 200 https://registry.npm.taobao.org/to
59 silly get cb [ 200,
59 silly get   { server: 'nginx/1.1.19',
59 silly get     date: 'Thu, 01 Oct 2015 14:21:24 GMT',
59 silly get     'content-type': 'application/json; charset=utf-8',
59 silly get     'transfer-encoding': 'chunked',
59 silly get     connection: 'keep-alive',
59 silly get     etag: '"4618-zdQSlHUIGkGB6Bi/DOTUxg"',
59 silly get     'x-readtime': '20',
59 silly get     'content-encoding': 'gzip' } ]
60 verbose get saving to to /Users/noahli/.cnpm/registry.npm.taobao.org/to/.cache.json
61 silly addNameRange number 2 { name: 'to', range: '*', hasData: true }
62 silly addNameRange versions [ 'to',
62 silly addNameRange   [ '0.2.9',
62 silly addNameRange     '0.2.8',
62 silly addNameRange     '0.2.7',
62 silly addNameRange     '0.2.6',
62 silly addNameRange     '0.2.5',
62 silly addNameRange     '0.2.4',
62 silly addNameRange     '0.2.3',
62 silly addNameRange     '0.2.2',
62 silly addNameRange     '0.2.1',
62 silly addNameRange     '0.2.0',
62 silly addNameRange     '0.1.2',
62 silly addNameRange     '0.1.1',
62 silly addNameRange     '0.1.0',
62 silly addNameRange     '0.0.3',
62 silly addNameRange     '0.0.2',
62 silly addNameRange     '0.0.1' ] ]
63 silly addNamed to@0.2.9
64 verbose addNamed "0.2.9" is a plain semver version for to
65 silly addNameRange number 2 { name: 'update', range: '*', hasData: true }
66 silly addNameRange versions [ 'update',
66 silly addNameRange   [ '0.3.6',
66 silly addNameRange     '0.3.5',
66 silly addNameRange     '0.3.3',
66 silly addNameRange     '0.3.3-beta',
66 silly addNameRange     '0.3.2-beta',
66 silly addNameRange     '0.3.1-beta',
66 silly addNameRange     '0.3.0-beta',
66 silly addNameRange     '0.2.0',
66 silly addNameRange     '0.1.0' ] ]
67 silly addNamed update@0.3.6
68 verbose addNamed "0.3.6" is a plain semver version for update
69 silly cache afterAdd to@0.2.9
70 verbose afterAdd /Users/noahli/.cnpm/to/0.2.9/package/package.json not in flight; writing
71 silly cache afterAdd update@0.3.6
72 verbose afterAdd /Users/noahli/.cnpm/update/0.3.6/package/package.json not in flight; writing
73 verbose afterAdd /Users/noahli/.cnpm/to/0.2.9/package/package.json written
74 verbose afterAdd /Users/noahli/.cnpm/update/0.3.6/package/package.json written
75 http 200 https://registry.npm.taobao.org/ionic
76 silly get cb [ 200,
76 silly get   { server: 'nginx/1.1.19',
76 silly get     date: 'Thu, 01 Oct 2015 14:21:25 GMT',
76 silly get     'content-type': 'application/json; charset=utf-8',
76 silly get     'transfer-encoding': 'chunked',
76 silly get     connection: 'keep-alive',
76 silly get     etag: '"88fab-wzD77/d7Gu7AD8ECAgnlEg"',
76 silly get     'x-readtime': '376',
76 silly get     'content-encoding': 'gzip' } ]
77 verbose get saving ionic to /Users/noahli/.cnpm/registry.npm.taobao.org/ionic/.cache.json
78 silly addNameRange number 2 { name: 'ionic', range: '*', hasData: true }
79 silly addNameRange versions [ 'ionic',
79 silly addNameRange   [ '2.0.0-alpha.4',
79 silly addNameRange     '1.6.5',
79 silly addNameRange     '1.6.5-testing.3',
79 silly addNameRange     '1.6.5-testing.2',
79 silly addNameRange     '1.6.5-testing.1',
79 silly addNameRange     '1.6.5-testing.0',
79 silly addNameRange     '1.7.0-beta.4',
79 silly addNameRange     '2.0.0-alpha.3',
79 silly addNameRange     '2.0.0-alpha.1',
79 silly addNameRange     '1.7.0-beta.3',
79 silly addNameRange     '1.7.0-beta.2',
79 silly addNameRange     '1.7.0-beta.1',
79 silly addNameRange     '1.7.0-beta.0',
79 silly addNameRange     '1.6.4',
79 silly addNameRange     '1.6.4-beta.1',
79 silly addNameRange     '1.6.4-beta.0',
79 silly addNameRange     '1.6.3',
79 silly addNameRange     '1.6.3-beta.1',
79 silly addNameRange     '1.6.3-beta.0',
79 silly addNameRange     '1.6.2',
79 silly addNameRange     '1.6.2-beta.2',
79 silly addNameRange     '1.6.2-beta.1',
79 silly addNameRange     '1.6.2-beta.0',
79 silly addNameRange     '1.6.1',
79 silly addNameRange     '1.6.0',
79 silly addNameRange     '1.6.0-beta.1',
79 silly addNameRange     '1.5.5',
79 silly addNameRange     '1.5.4',
79 silly addNameRange     '1.5.3',
79 silly addNameRange     '1.5.2',
79 silly addNameRange     '1.5.1',
79 silly addNameRange     '1.5.1-beta.4',
79 silly addNameRange     '1.5.1-beta.3',
79 silly addNameRange     '1.5.1-beta.2',
79 silly addNameRange     '1.5.1-beta.1',
79 silly addNameRange     '1.5.1-beta.0',
79 silly addNameRange     '1.5.0',
79 silly addNameRange     '1.5.0-beta.1',
79 silly addNameRange     '1.5.0-beta.0',
79 silly addNameRange     '1.4.8',
79 silly addNameRange     '1.4.7',
79 silly addNameRange     '1.4.6',
79 silly addNameRange     '1.4.6-beta.0',
79 silly addNameRange     '1.4.5',
79 silly addNameRange     '1.4.5-beta.3',
79 silly addNameRange     '1.4.5-beta.2',
79 silly addNameRange     '1.4.5-beta.1',
79 silly addNameRange     '1.4.5-beta.0',
79 silly addNameRange     '1.4.4',
79 silly addNameRange     '1.4.4-beta.2',
79 silly addNameRange     '1.4.4-beta.0',
79 silly addNameRange     '1.4.3',
79 silly addNameRange     '1.4.2',
79 silly addNameRange     '1.4.1',
79 silly addNameRange     '1.4.0',
79 silly addNameRange     '1.4.0-beta.18',
79 silly addNameRange     '1.4.0-beta.17',
79 silly addNameRange     '1.4.0-beta.16',
79 silly addNameRange     '1.4.0-beta.15',
79 silly addNameRange     '1.4.0-beta.14',
79 silly addNameRange     '1.4.0-beta.13',
79 silly addNameRange     '1.4.0-beta.12',
79 silly addNameRange     '1.4.0-beta.11',
79 silly addNameRange     '1.4.0-beta.10',
79 silly addNameRange     '1.4.0-beta.9',
79 silly addNameRange     '1.4.0-beta.8',
79 silly addNameRange     '1.3.22',
79 silly addNameRange     '1.3.21',
79 silly addNameRange     '1.3.21-beta.1',
79 silly addNameRange     '1.3.21-beta.0',
79 silly addNameRange     '1.4.0-beta.7',
79 silly addNameRange     '1.4.0-beta.6',
79 silly addNameRange     '1.4.0-beta.5',
79 silly addNameRange     '1.4.0-beta.3',
79 silly addNameRange     '1.4.0-beta.2',
79 silly addNameRange     '1.4.0-beta.1',
79 silly addNameRange     '1.4.1-beta.0',
79 silly addNameRange     '1.3.20',
79 silly addNameRange     '1.3.19',
79 silly addNameRange     '1.3.19-beta.4',
79 silly addNameRange     '1.3.19-beta.3',
79 silly addNameRange     '1.3.19-beta.2',
79 silly addNameRange     '1.3.19-beta.1',
79 silly addNameRange     '1.3.19-beta.0',
79 silly addNameRange     '1.3.18',
79 silly addNameRange     '1.3.18-beta.3',
79 silly addNameRange     '1.3.18-beta.2',
79 silly addNameRange     '1.3.18-beta.1',
79 silly addNameRange     '1.3.18-beta.0',
79 silly addNameRange     '1.3.17',
79 silly addNameRange     '1.3.1-7.beta.4',
79 silly addNameRange     '1.3.17-beta.3',
79 silly addNameRange     '1.3.17-beta.2',
79 silly addNameRange     '1.3.17-beta.0',
79 silly addNameRange     '1.4.0-alpha.6',
79 silly addNameRange     '1.3.17-beta.1',
79 silly addNameRange     '1.3.16',
79 silly addNameRange     '1.3.15',
79 silly addNameRange     '1.3.15-beta.4',
79 silly addNameRange     '1.3.15-beta.3',
79 silly addNameRange     '1.3.15-beta.2',
79 silly addNameRange     '1.3.15-beta.1',
79 silly addNameRange     '1.3.15-beta.0',
79 silly addNameRange     '1.4.0-alpha.5',
79 silly addNameRange     '1.4.0-alpha.4',
79 silly addNameRange     '1.3.14',
79 silly addNameRange     '1.4.0-alpha.3',
79 silly addNameRange     '1.3.14-beta.1',
79 silly addNameRange     '1.3.14-beta',
79 silly addNameRange     '1.3.1-3.beta.4',
79 silly addNameRange     '1.3.13',
79 silly addNameRange     '1.3.1-3.beta.2',
79 silly addNameRange     '1.3.1-3.beta.1',
79 silly addNameRange     '1.3.13-beta.0',
79 silly addNameRange     '1.3.12-beta.2',
79 silly addNameRange     '1.3.12-beta.1',
79 silly addNameRange     '1.3.12',
79 silly addNameRange     '1.4.0-alpha.2',
79 silly addNameRange     '1.3.1-1.alpha.0',
79 silly addNameRange     '1.3.11',
79 silly addNameRange     '1.4.0-alpha.1',
79 silly addNameRange     '1.3.10',
79 silly addNameRange     '1.3.9',
79 silly addNameRange     '1.3.8',
79 silly addNameRange     '1.3.7',
79 silly addNameRange     '1.3.6',
79 silly addNameRange     '1.3.5',
79 silly addNameRange     '1.3.4',
79 silly addNameRange     '1.3.3',
79 silly addNameRange     '1.3.2',
79 silly addNameRange     '1.3.1',
79 silly addNameRange     '1.3.0',
79 silly addNameRange     '1.3.0-beta1',
79 silly addNameRange     '1.2.14',
79 silly addNameRange     '1.2.14-beta6',
79 silly addNameRange     '1.2.14-beta5',
79 silly addNameRange     '1.2.14-beta4',
79 silly addNameRange     '1.2.14-beta3',
79 silly addNameRange     '1.2.14-beta2',
79 silly addNameRange     '1.2.14-beta1',
79 silly addNameRange     '1.2.13',
79 silly addNameRange     '1.2.12',
79 silly addNameRange     '1.2.11',
79 silly addNameRange     '1.2.10',
79 silly addNameRange     '1.2.9',
79 silly addNameRange     '1.2.8',
79 silly addNameRange     '1.2.8-beta2',
79 silly addNameRange     '1.2.8-beta1',
79 silly addNameRange     '1.2.7',
79 silly addNameRange     '1.2.6',
79 silly addNameRange     '1.2.6-beta3',
79 silly addNameRange     '1.2.6-beta2',
79 silly addNameRange     '1.2.6-beta1',
79 silly addNameRange     '1.2.5',
79 silly addNameRange     '1.2.5-beta3',
79 silly addNameRange     '1.2.5-beta2',
79 silly addNameRange     '1.2.5-beta1',
79 silly addNameRange     '1.2.4',
79 silly addNameRange     '1.2.4-beta3',
79 silly addNameRange     '1.2.4-beta2',
79 silly addNameRange     '1.2.4-beta1',
79 silly addNameRange     '1.2.3',
79 silly addNameRange     '1.2.3-beta3',
79 silly addNameRange     '1.2.3-beta2',
79 silly addNameRange     '1.2.3-beta1',
79 silly addNameRange     '1.2.2',
79 silly addNameRange     '1.2.1',
79 silly addNameRange     '1.2.1-beta4',
79 silly addNameRange     '1.2.1-beta3',
79 silly addNameRange     '1.2.1-beta2',
79 silly addNameRange     '1.2.1-beta1',
79 silly addNameRange     '1.2.0',
79 silly addNameRange     '1.2.0-beta1',
79 silly addNameRange     '1.1.14-beta3',
79 silly addNameRange     '1.1.14-beta2',
79 silly addNameRange     '1.1.14-beta1',
79 silly addNameRange     '1.1.13',
79 silly addNameRange     '1.1.12',
79 silly addNameRange     '1.1.12-beta3',
79 silly addNameRange     '1.1.12-beta2',
79 silly addNameRange     '1.1.12-beta1',
79 silly addNameRange     '1.1.11',
79 silly addNameRange     '1.1.11-beta2',
79 silly addNameRange     '1.1.11-beta1',
79 silly addNameRange     '1.1.10',
79 silly addNameRange     '1.1.9',
79 silly addNameRange     '1.1.9-beta1',
79 silly addNameRange     '1.1.8',
79 silly addNameRange     '1.1.8-beta5',
79 silly addNameRange     '1.1.8-beta4',
79 silly addNameRange     '1.1.8-beta3',
79 silly addNameRange     '1.1.8-beta2',
79 silly addNameRange     '1.1.8-beta1',
79 silly addNameRange     '1.1.7',
79 silly addNameRange     '1.1.7-beta1',
79 silly addNameRange     '1.1.6',
79 silly addNameRange     '1.1.5',
79 silly addNameRange     '1.1.5-beta5',
79 silly addNameRange     '1.1.5-beta4',
79 silly addNameRange     '1.1.5-beta3',
79 silly addNameRange     '1.1.5-beta2',
79 silly addNameRange     '1.1.5-beta1',
79 silly addNameRange     '1.1.4',
79 silly addNameRange     '1.1.3',
79 silly addNameRange     '1.1.1',
79 silly addNameRange     '1.1.1-beta3',
79 silly addNameRange     '1.1.1-beta2',
79 silly addNameRange     '1.1.1-beta1',
79 silly addNameRange     '1.1.0',
79 silly addNameRange     '1.1.0-beta6',
79 silly addNameRange     '1.1.0-beta5',
79 silly addNameRange     '1.1.0-beta4',
79 silly addNameRange     '1.1.0-beta3',
79 silly addNameRange     '1.1.0-beta2',
79 silly addNameRange     '1.1.0-beta1',
79 silly addNameRange     '1.0.17',
79 silly addNameRange     '1.0.16',
79 silly addNameRange     '1.0.15',
79 silly addNameRange     '1.0.14',
79 silly addNameRange     '1.0.13',
79 silly addNameRange     '1.0.12',
79 silly addNameRange     '1.0.11',
79 silly addNameRange     '1.0.10',
79 silly addNameRange     '1.0.9',
79 silly addNameRange     '1.0.8',
79 silly addNameRange     '1.0.7',
79 silly addNameRange     '1.0.6',
79 silly addNameRange     '1.0.5',
79 silly addNameRange     '1.0.4',
79 silly addNameRange     '1.0.3-beta',
79 silly addNameRange     '1.0.1-beta',
79 silly addNameRange     '1.0.0-beta',
79 silly addNameRange     '1.0.0-beta.1',
79 silly addNameRange     '0.9.16',
79 silly addNameRange     '0.9.15',
79 silly addNameRange     '0.9.14',
79 silly addNameRange     '0.9.13',
79 silly addNameRange     '0.9.12',
79 silly addNameRange     '0.9.11',
79 silly addNameRange     '0.9.10',
79 silly addNameRange     '0.9.9',
79 silly addNameRange     '0.9.8',
79 silly addNameRange     '0.9.6' ] ]
80 silly addNamed ionic@1.6.5
81 verbose addNamed "1.6.5" is a plain semver version for ionic
82 silly mapToRegistry name ionic
83 silly mapToRegistry using default registry
84 silly mapToRegistry registry https://registry.npm.taobao.org/
85 silly mapToRegistry uri https://registry.npm.taobao.org/ionic
86 verbose addRemoteTarball https://registry.npm.taobao.org/ionic/download/ionic-1.6.5.tgz not in flight; adding
87 verbose addRemoteTarball [ 'https://registry.npm.taobao.org/ionic/download/ionic-1.6.5.tgz',
87 verbose addRemoteTarball   'a7d46ad23f1f488629f6ea5691ec1086130b3dd9' ]
88 info retry fetch attempt 1 at 22:21:27
89 info attempt registry request try #1 at 22:21:27
90 http fetch GET https://registry.npm.taobao.org/ionic/download/ionic-1.6.5.tgz
91 http fetch 200 https://registry.npm.taobao.org/ionic/download/ionic-1.6.5.tgz
92 silly fetchAndShaCheck shasum a7d46ad23f1f488629f6ea5691ec1086130b3dd9
93 verbose addTmpTarball /var/folders/hv/4lhx5n7x023_ldzxlm1p_ctr0000gp/T/npm-95392-fdc5fe33/registry.npm.taobao.org/ionic/download/ionic-1.6.5.tgz not in flight; adding
94 verbose addTmpTarball already have metadata; skipping unpack for ionic@1.6.5
95 silly cache afterAdd ionic@1.6.5
96 verbose afterAdd /Users/noahli/.cnpm/ionic/1.6.5/package/package.json not in flight; writing
97 verbose afterAdd /Users/noahli/.cnpm/ionic/1.6.5/package/package.json written
98 silly install resolved [ { name: 'to',
98 silly install resolved     description: 'load/convert between xml,json,yaml formats',
98 silly install resolved     homepage: 'https://github.com/openmason/to',
98 silly install resolved     version: '0.2.9',
98 silly install resolved     author: { name: 'el aras', email: 'openmason@gmail.com' },
98 silly install resolved     dependencies:
98 silly install resolved      { handy: '>= 0.0.11',
98 silly install resolved        underscore: '>= 1.4.0',
98 silly install resolved        'js-yaml': '>= 1.0.2',
98 silly install resolved        htmlparser: '>= 1.7.6',
98 silly install resolved        optimist: '>= 0.3.5' },
98 silly install resolved     devDependencies: { mocha: '>= 1.6.0', should: '>= 1.2.0' },
98 silly install resolved     keywords: [ 'converter', 'convertor', 'json', 'xml', 'yaml' ],
98 silly install resolved     repository: { type: 'git', url: 'git://github.com/openmason/to' },
98 silly install resolved     main: 'index',
98 silly install resolved     scripts: { prepublish: 'npm prune', test: 'make test' },
98 silly install resolved     engines: { node: '>= 0.8.0' },
98 silly install resolved     _id: 'to@0.2.9',
98 silly install resolved     dist:
98 silly install resolved      { shasum: '0ba5a56fe53538db9205ceb6d7ed217aae4635c4',
98 silly install resolved        size: 12055,
98 silly install resolved        noattachment: false,
98 silly install resolved        tarball: 'http://registry.npm.taobao.org/to/download/to-0.2.9.tgz' },
98 silly install resolved     maintainers: [ [Object], [Object] ],
98 silly install resolved     directories: {},
98 silly install resolved     publish_time: 1355280439373,
98 silly install resolved     _cnpm_publish_time: 1355280439373,
98 silly install resolved     _shasum: '0ba5a56fe53538db9205ceb6d7ed217aae4635c4',
98 silly install resolved     _resolved: 'https://registry.npm.taobao.org/to/download/to-0.2.9.tgz',
98 silly install resolved     _from: 'to@*',
98 silly install resolved     bugs: { url: 'https://github.com/openmason/to/issues' },
98 silly install resolved     readme: 'ERROR: No README data found!' },
98 silly install resolved   { name: 'update',
98 silly install resolved     description: 'Update the year in all files in a project using glob patterns.',
98 silly install resolved     version: '0.3.6',
98 silly install resolved     homepage: 'https://github.com/jonschlinkert/update',
98 silly install resolved     author:
98 silly install resolved      { name: 'Jon Schlinkert',
98 silly install resolved        url: 'https://github.com/jonschlinkert' },
98 silly install resolved     repository: { type: 'git', url: 'https://github.com/jonschlinkert/update' },
98 silly install resolved     bugs: { url: 'https://github.com/jonschlinkert/update/issues' },
98 silly install resolved     license: 'MIT',
98 silly install resolved     files: [ 'cli.js', 'lib/', 'templates/', 'verbfile.js', 'plugins/' ],
98 silly install resolved     main: 'index.js',
98 silly install resolved     preferGlobal: true,
98 silly install resolved     bin: { update: './cli.js' },
98 silly install resolved     engines: { node: '>=0.10.0' },
98 silly install resolved     scripts: { test: 'mocha' },
98 silly install resolved     dependencies:
98 silly install resolved      { 'arr-diff': '^1.0.1',
98 silly install resolved        'array-intersection': '^0.1.1',
98 silly install resolved        'array-unique': '^0.1.1',
98 silly install resolved        chalk: '^1.0.0',
98 silly install resolved        del: '^1.1.1',
98 silly install resolved        'export-files': '^1.1.0',
98 silly install resolved        glob: '^4.4.1',
98 silly install resolved        'gray-matter': '^1.2.5',
98 silly install resolved        'gulp-util': '^3.0.4',
98 silly install resolved        'has-banner': '^0.2.0',
98 silly install resolved        'kind-of': '^1.1.0',
98 silly install resolved        'log-symbols': '^1.0.2',
98 silly install resolved        'merge-deep': '^1.0.1',
98 silly install resolved        micromatch: '^1.4.2',
98 silly install resolved        'parse-copyright': '^0.4.0',
98 silly install resolved        'requires-regex': '^0.2.0',
98 silly install resolved        'sort-object': '^1.0.0',
98 silly install resolved        through2: '^0.6.3',
98 silly install resolved        'update-banner': '^0.1.1',
98 silly install resolved        'update-license': '^0.3.0',
98 silly install resolved        'update-package': '^0.2.0',
98 silly install resolved        verb: '^0.6.1' },
98 silly install resolved     keywords: [ 'javascript', 'keys', 'object', 'sort' ],
98 silly install resolved     gitHead: '20af38473d5630c5b725a34f041df0aabf050935',
98 silly install resolved     _id: 'update@0.3.6',
98 silly install resolved     _shasum: '11bcae2d5fe3413a5dd0910f424d6310e50c99e8',
98 silly install resolved     _from: 'update@*',
98 silly install resolved     _npmVersion: '2.5.1',
98 silly install resolved     _nodeVersion: '0.12.0',
98 silly install resolved     _npmUser: { name: 'jonschlinkert', email: 'github@sellside.com' },
98 silly install resolved     maintainers: [ [Object] ],
98 silly install resolved     dist:
98 silly install resolved      { shasum: '11bcae2d5fe3413a5dd0910f424d6310e50c99e8',
98 silly install resolved        size: 10920,
98 silly install resolved        noattachment: false,
98 silly install resolved        tarball: 'http://registry.npm.taobao.org/update/download/update-0.3.6.tgz' },
98 silly install resolved     directories: {},
98 silly install resolved     publish_time: 1425079156798,
98 silly install resolved     _cnpm_publish_time: 1425079156798,
98 silly install resolved     _resolved: 'https://registry.npm.taobao.org/update/download/update-0.3.6.tgz',
98 silly install resolved     readme: 'ERROR: No README data found!' },
98 silly install resolved   { name: 'ionic',
98 silly install resolved     version: '1.6.5',
98 silly install resolved     preferGlobal: true,
98 silly install resolved     description: 'A tool for creating and developing Ionic Framework mobile apps.',
98 silly install resolved     homepage: 'http://ionicframework.com/',
98 silly install resolved     bin: { ionic: 'bin/ionic' },
98 silly install resolved     scripts:
98 silly install resolved      { bump: 'node lib/tasks/bumpversion',
98 silly install resolved        'beta-bump': 'node lib/tasks/bumpversion --level pre --identifier beta',
98 silly install resolved        'publish-release': 'node lib/tasks/bumpversion --npmPublish',
98 silly install resolved        'publish-tag': 'node lib/tasks/bumpversion --level beta --npmPublishTag',
98 silly install resolved        'full-release': 'node lib/tasks/bumpversion --npmInstall --git --npmPublish',
98 silly install resolved        test: 'npm run jasmine',
98 silly install resolved        e2e: 'jasmine-node --captureExceptions ./e2e',
98 silly install resolved        jasmine: 'jasmine-node --captureExceptions  ./spec' },
98 silly install resolved     keywords:
98 silly install resolved      [ 'ionic',
98 silly install resolved        'ionic framework',
98 silly install resolved        'ionicframework',
98 silly install resolved        'mobile',
98 silly install resolved        'app',
98 silly install resolved        'hybrid',
98 silly install resolved        'cordova',
98 silly install resolved        'phonegap' ],
98 silly install resolved     repository:
98 silly install resolved      { type: 'git',
98 silly install resolved        url: 'git+https://github.com/driftyco/ionic-cli.git' },
98 silly install resolved     contributors: [ [Object], [Object], [Object], [Object] ],
98 silly install resolved     license: 'MIT',
98 silly install resolved     dependencies:
98 silly install resolved      { async: '^0.9.0',
98 silly install resolved        cheerio: '^0.19.0',
98 silly install resolved        'cli-table': '^0.3.1',
98 silly install resolved        colors: '0.6.2',
98 silly install resolved        connect: '3.1.1',
98 silly install resolved        'connect-livereload': '0.5.2',
98 silly install resolved        crc: '3.2.1',
98 silly install resolved        'cross-spawn': '0.2.3',
98 silly install resolved        'event-stream': '3.0.x',
98 silly install resolved        finalhandler: '0.2.0',
98 silly install resolved        'form-data': '0.1.4',
98 silly install resolved        gulp: '3.8.8',
98 silly install resolved        'ionic-app-lib': '0.3.9',
98 silly install resolved        ncp: '0.4.2',
98 silly install resolved        npm: '2.1.3',
98 silly install resolved        'opbeat-ionic': '^1.1.3',
98 silly install resolved        open: '0.0.5',
98 silly install resolved        optimist: '0.6.0',
98 silly install resolved        progress: '1.1.7',
98 silly install resolved        prompt: '0.2.12',
98 silly install resolved        'proxy-middleware': '^0.7.0',
98 silly install resolved        q: '1.0.1',
98 silly install resolved        request: '2.51.0',
98 silly install resolved        semver: '^4.2.0',
98 silly install resolved        'serve-static': '1.7.1',
98 silly install resolved        shelljs: '0.2.6',
98 silly install resolved        'tiny-lr-fork': '0.0.5',
98 silly install resolved        underscore: '~1.7.0',
98 silly install resolved        unzip: '0.1.9',
98 silly install resolved        'vinyl-fs': '0.3.7',
98 silly install resolved        xml2js: '0.4.4' },
98 silly install resolved     devDependencies: { 'jasmine-node': '^1.14.5' },
98 silly install resolved     gitHead: 'a7b7619fb170621554d1755f261865fdd2413969',
98 silly install resolved     bugs: { url: 'https://github.com/driftyco/ionic-cli/issues' },
98 silly install resolved     _id: 'ionic@1.6.5',
98 silly install resolved     _shasum: 'a7d46ad23f1f488629f6ea5691ec1086130b3dd9',
98 silly install resolved     _from: 'ionic@*',
98 silly install resolved     _npmVersion: '2.14.2',
98 silly install resolved     _nodeVersion: '0.12.7',
98 silly install resolved     _npmUser: { name: 'ericb', email: 'eric@hellouser.net' },
98 silly install resolved     dist:
98 silly install resolved      { shasum: 'a7d46ad23f1f488629f6ea5691ec1086130b3dd9',
98 silly install resolved        size: 104053,
98 silly install resolved        noattachment: false,
98 silly install resolved        tarball: 'http://registry.npm.taobao.org/ionic/download/ionic-1.6.5.tgz' },
98 silly install resolved     maintainers: [ [Object], [Object], [Object], [Object], [Object] ],
98 silly install resolved     directories: {},
98 silly install resolved     publish_time: 1443631411158,
98 silly install resolved     _cnpm_publish_time: 1443631411158,
98 silly install resolved     _resolved: 'https://registry.npm.taobao.org/ionic/download/ionic-1.6.5.tgz' } ]
99 info install to@0.2.9 into /usr/local/lib
100 info install update@0.3.6 into /usr/local/lib
101 info install ionic@1.6.5 into /usr/local/lib
102 info installOne to@0.2.9
103 verbose installOne of to to /usr/local/lib not in flight; installing
104 info installOne update@0.3.6
105 verbose installOne of update to /usr/local/lib not in flight; installing
106 info installOne ionic@1.6.5
107 verbose installOne of ionic to /usr/local/lib not in flight; installing
108 verbose lock using /Users/noahli/.cnpm/_locks/ionic-61c0cd50dc7a1457.lock for /usr/local/lib/node_modules/ionic
109 verbose lock using /Users/noahli/.cnpm/_locks/to-9394763c9b022e79.lock for /usr/local/lib/node_modules/to
110 verbose lock using /Users/noahli/.cnpm/_locks/update-a554ca6fd1dfb67b.lock for /usr/local/lib/node_modules/update
111 silly install write writing ionic 1.6.5 to /usr/local/lib/node_modules/ionic
112 silly install write writing to 0.2.9 to /usr/local/lib/node_modules/to
113 silly install write writing update 0.3.6 to /usr/local/lib/node_modules/update
114 verbose unbuild lib/node_modules/ionic
115 verbose unbuild lib/node_modules/to
116 verbose unbuild lib/node_modules/update
117 info preuninstall to@0.2.9
118 info preuninstall ionic@1.6.4
119 info preuninstall update@0.3.6
120 info uninstall to@0.2.9
121 info uninstall ionic@1.6.4
122 info uninstall update@0.3.6
123 verbose unbuild rmStuff to@0.2.9 from /usr/local/lib/node_modules
124 info postuninstall to@0.2.9
125 verbose unbuild rmStuff ionic@1.6.4 from /usr/local/lib/node_modules
126 silly gentlyRm /usr/local/bin/ionic is being gently removed
127 silly gentlyRm verifying /usr/local is an npm working directory
128 silly gentlyRm containing path /usr/local is under npm's control, in /usr/local
129 silly gentlyRm deletion target /usr/local/bin/ionic is under /usr/local
130 verbose gentlyRm vacuuming from /usr/local/bin/ionic up to /usr/local
131 verbose unbuild rmStuff update@0.3.6 from /usr/local/lib/node_modules
132 silly gentlyRm /usr/local/bin/update is being gently removed
133 silly gentlyRm verifying /usr/local is an npm working directory
134 silly gentlyRm containing path /usr/local is under npm's control, in /usr/local
135 silly gentlyRm deletion target /usr/local/bin/update is under /usr/local
136 verbose gentlyRm vacuuming from /usr/local/bin/update up to /usr/local
137 silly gentlyRm /usr/local/lib/node_modules/to is being purged from base /usr/local
138 verbose gentlyRm don't care about contents; nuking /usr/local/lib/node_modules/to
139 silly vacuum-fs removing /usr/local/bin/ionic
140 silly vacuum-fs removing /usr/local/bin/update
141 silly vacuum-fs purging /usr/local/lib/node_modules/to
142 verbose unlock done using /Users/noahli/.cnpm/_locks/ionic-61c0cd50dc7a1457.lock for /usr/local/lib/node_modules/ionic
143 verbose unlock done using /Users/noahli/.cnpm/_locks/update-a554ca6fd1dfb67b.lock for /usr/local/lib/node_modules/update
144 verbose unlock done using /Users/noahli/.cnpm/_locks/to-9394763c9b022e79.lock for /usr/local/lib/node_modules/to
145 verbose stack Error: EACCES, unlink '/usr/local/bin/ionic'
145 verbose stack     at Error (native)
146 verbose cwd /Users/noahli/workspace/demo/魔豆社区
147 error Darwin 14.5.0
148 error argv "node" "/usr/local/lib/node_modules/cnpm/node_modules/.bin/npm" "--userconfig=/Users/noahli/.cnpmrc" "--disturl=https://npm.taobao.org/mirrors/node" "--cache=/Users/noahli/.cnpm" "--registry=https://registry.npm.taobao.org" "--node-gyp=/usr/local/lib/node_modules/cnpm/node_modules/pangyp/bin/node-gyp.js" "install" "-g" "ionic" "to" "update"
149 error node v0.12.2
150 error npm  v2.7.6
151 error path /usr/local/bin/ionic
152 error code EACCES
153 error errno -13
154 error Error: EACCES, unlink '/usr/local/bin/ionic'
154 error     at Error (native)
154 error  { [Error: EACCES, unlink '/usr/local/bin/ionic'] errno: -13, code: 'EACCES', path: '/usr/local/bin/ionic' }
155 error Please try running this command again as root/Administrator.
156 verbose exit [ -13, true ]
157 verbose unbuild lib/node_modules/ionic
158 info preuninstall ionic@1.6.4
159 info uninstall ionic@1.6.4
160 verbose unbuild rmStuff ionic@1.6.4 from /usr/local/lib/node_modules
161 silly gentlyRm /usr/local/bin/ionic is being gently removed
162 silly gentlyRm verifying /usr/local is an npm working directory
163 silly gentlyRm containing path /usr/local is under npm's control, in /usr/local
164 silly gentlyRm deletion target /usr/local/bin/ionic is under /usr/local
165 verbose gentlyRm vacuuming from /usr/local/bin/ionic up to /usr/local
166 silly vacuum-fs removing /usr/local/bin/ionic
167 error error rolling back Error: EACCES, unlink '/usr/local/bin/ionic'
167 error error rolling back     at Error (native)
167 error error rolling back  { [Error: EACCES, unlink '/usr/local/bin/ionic'] errno: -13, code: 'EACCES', path: '/usr/local/bin/ionic' }
